[debug] [2022-09-06T19:16:09.768Z] ----------------------------------------------------------------------
[debug] [2022-09-06T19:16:09.771Z] Command:       C:\Program Files\nodejs\node.exe C:\Users\Mohammad Zunaid\AppData\Roaming\npm\node_modules\firebase-tools\lib\bin\firebase.js init
[debug] [2022-09-06T19:16:09.771Z] CLI Version:   11.8.0
[debug] [2022-09-06T19:16:09.771Z] Platform:      win32
[debug] [2022-09-06T19:16:09.772Z] Node Version:  v16.17.0
[debug] [2022-09-06T19:16:09.773Z] Time:          Wed Sep 07 2022 00:46:09 GMT+0530 (India Standard Time)
[debug] [2022-09-06T19:16:09.773Z] ----------------------------------------------------------------------
[debug] 
[debug] [2022-09-06T19:16:09.783Z] > command requires scopes: ["email","openid","https://www.googleapis.com/auth/cloudplatformprojects.readonly","https://www.googleapis.com/auth/firebase","https://www.googleapis.com/auth/cloud-platform"]
[debug] [2022-09-06T19:16:09.783Z] > authorizing via signed-in user (junaidmohammad53@gmail.com)
[info] 
     ######## #### ########  ######## ########     ###     ######  ########
     ##        ##  ##     ## ##       ##     ##  ##   ##  ##       ##
     ######    ##  ########  ######   ########  #########  ######  ######
     ##        ##  ##    ##  ##       ##     ## ##     ##       ## ##
     ##       #### ##     ## ######## ########  ##     ##  ######  ########

You're about to initialize a Firebase project in this directory:

  E:\Projects\AngularRecipe\AngularRecipeProject

[info] 
=== Project Setup
[info] 
[info] First, let's associate this project directory with a Firebase project.
[info] You can create multiple project aliases by running firebase use --add, 
[info] but for now we'll just set up a default project.
[info] 
[debug] [2022-09-06T19:16:52.921Z] >>> [apiv2][query] GET https://firebase.googleapis.com/v1beta1/projects pageSize=100
[debug] [2022-09-06T19:16:53.964Z] <<< [apiv2][status] GET https://firebase.googleapis.com/v1beta1/projects 200
[debug] [2022-09-06T19:16:53.965Z] <<< [apiv2][body] GET https://firebase.googleapis.com/v1beta1/projects [omitted]
[info] i  Using project ng-course-recipe-book-92683 (ng-course-recipe-book) 
[info] 
=== Hosting Setup
[info] 
[info] Your public directory is the folder (relative to your project directory) that
[info] will contain Hosting assets to be uploaded with firebase deploy. If you
[info] have a build process for your assets, use your build's output directory.
[info] 
[debug] [2022-09-06T19:20:45.132Z] >>> [apiv2][query] GET https://www.gstatic.com/firebasejs/releases.json [none]
[debug] [2022-09-06T19:20:45.238Z] <<< [apiv2][status] GET https://www.gstatic.com/firebasejs/releases.json 200
[debug] [2022-09-06T19:20:45.239Z] <<< [apiv2][body] GET https://www.gstatic.com/firebasejs/releases.json {"current":{"version":"9.9.4","browserURL":"https://www.gstatic.com/firebasejs/9.9.4/firebase.js","packageURL":"https://www.gstatic.com/firebasejs/9.9.4/firebase.tgz"},"live":{"version":"9.9","browserURL":"https://www.gstatic.com/firebasejs/live/9.9/firebase.js","packageURL":"https://www.gstatic.com/firebasejs/live/9.9/firebase.tgz"},"components":{"analytics":"https://www.gstatic.com/firebasejs/9.9.4/firebase-analytics.js","app":"https://www.gstatic.com/firebasejs/9.9.4/firebase-app.js","app-check":"https://www.gstatic.com/firebasejs/9.9.4/firebase-app-check.js","auth":"https://www.gstatic.com/firebasejs/9.9.4/firebase-auth.js","auth/cordova":"https://www.gstatic.com/firebasejs/9.9.4/firebase-auth/cordova.js","auth/react-native":"https://www.gstatic.com/firebasejs/9.9.4/firebase-auth/react-native.js","functions":"https://www.gstatic.com/firebasejs/9.9.4/firebase-functions.js","firestore":"https://www.gstatic.com/firebasejs/9.9.4/firebase-firestore.js","firestore/lite":"https://www.gstatic.com/firebasejs/9.9.4/firebase-firestore/lite.js","installations":"https://www.gstatic.com/firebasejs/9.9.4/firebase-installations.js","storage":"https://www.gstatic.com/firebasejs/9.9.4/firebase-storage.js","performance":"https://www.gstatic.com/firebasejs/9.9.4/firebase-performance.js","remote-config":"https://www.gstatic.com/firebasejs/9.9.4/firebase-remote-config.js","messaging":"https://www.gstatic.com/firebasejs/9.9.4/firebase-messaging.js","messaging/sw":"https://www.gstatic.com/firebasejs/9.9.4/firebase-messaging/sw.js","database":"https://www.gstatic.com/firebasejs/9.9.4/firebase-database.js","firestore.memory":"https://www.gstatic.com/firebasejs/9.9.4/firebase-firestore.memory.js"}}
[info] i  Skipping write of dist/AngularRecipeProject/index.html 
[info] 
[info] i  Detected a .git folder at E:\Projects\AngularRecipe 
[info] i  Authorizing with GitHub to upload your service account to a GitHub repository's secrets store. 
[info] 
[info] Visit this URL on this device to log in:
[info] https://github.com/login/oauth/authorize?client_id=89cf50f02ac6aaed3484&state=279729569&redirect_uri=http%3A%2F%2Flocalhost%3A9005&scope=read%3Auser%20repo%20public_repo
[info] 
[info] Waiting for authentication...
[debug] [2022-09-06T19:21:14.155Z] >>> [apiv2][query] POST https://github.com/login/oauth/access_token [none]
[debug] [2022-09-06T19:21:14.155Z] >>> [apiv2][body] POST https://github.com/login/oauth/access_token [stream]
[debug] [2022-09-06T19:21:14.589Z] <<< [apiv2][status] POST https://github.com/login/oauth/access_token 200
[debug] [2022-09-06T19:21:14.590Z] <<< [apiv2][body] POST https://github.com/login/oauth/access_token {"access_token":"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","token_type":"bearer","scope":"read:user,repo"}
[debug] [2022-09-06T19:21:14.644Z] >>> [apiv2][query] GET https://api.github.com/user [none]
[debug] [2022-09-06T19:21:15.055Z] <<< [apiv2][status] GET https://api.github.com/user 200
[debug] [2022-09-06T19:21:15.055Z] <<< [apiv2][body] GET https://api.github.com/user {"login":"mohammadzunaid","id":60071439,"node_id":"MDQ6VXNlcjYwMDcxNDM5","avatar_url":"https://avatars.githubusercontent.com/u/60071439?v=4","gravatar_id":"","url":"https://api.github.com/users/mohammadzunaid","html_url":"https://github.com/mohammadzunaid","followers_url":"https://api.github.com/users/mohammadzunaid/followers","following_url":"https://api.github.com/users/mohammadzunaid/following{/other_user}","gists_url":"https://api.github.com/users/mohammadzunaid/gists{/gist_id}","starred_url":"https://api.github.com/users/mohammadzunaid/starred{/owner}{/repo}","subscriptions_url":"https://api.github.com/users/mohammadzunaid/subscriptions","organizations_url":"https://api.github.com/users/mohammadzunaid/orgs","repos_url":"https://api.github.com/users/mohammadzunaid/repos","events_url":"https://api.github.com/users/mohammadzunaid/events{/privacy}","received_events_url":"https://api.github.com/users/mohammadzunaid/received_events","type":"User","site_admin":false,"name":"Mohammad Zunaid","company":"Deloitte","blog":"","location":"Hyderabad","email":null,"hireable":null,"bio":"Full Stack Dotnet Developer","twitter_username":null,"public_repos":0,"public_gists":0,"followers":0,"following":1,"created_at":"2020-01-19T17:02:54Z","updated_at":"2022-09-06T17:42:22Z","private_gists":0,"total_private_repos":0,"owned_private_repos":0,"disk_usage":0,"collaborators":0,"two_factor_authentication":false,"plan":{"name":"free","space":976562499,"collaborators":0,"private_repos":10000}}
[info] 
[info] +  Success! Logged into GitHub as mohammadzunaid 
[info] 
